2026-02-11 07:59:37,873 - INFO - HTTP Request: GET https://pokeapi.co/api/v2/pokemon?limit=500 "HTTP/1.1 200 OK"
2026-02-11 07:59:37,973 - INFO - HTTP Request: GET https://pokeapi.co/api/v2/type?limit=500 "HTTP/1.1 200 OK"
2026-02-11 07:59:38,079 - INFO - HTTP Request: GET https://pokeapi.co/api/v2/ability?limit=1000 "HTTP/1.1 200 OK"
2026-02-11 08:06:52,524 - INFO - Adding POKEMON
2026-02-11 08:06:52,524 - INFO - Adding POKKEMON 
2026-02-11 08:06:52,646 - INFO - HTTP Request: GET https://pokeapi.co/api/v2/pokemon/caterpie "HTTP/1.1 200 OK"
2026-02-11 08:09:24,896 - INFO - HTTP Request: GET https://pokeapi.co/api/v2/pokemon?limit=500 "HTTP/1.1 200 OK"
2026-02-11 08:09:24,991 - INFO - HTTP Request: GET https://pokeapi.co/api/v2/type?limit=500 "HTTP/1.1 200 OK"
2026-02-11 08:09:25,087 - INFO - HTTP Request: GET https://pokeapi.co/api/v2/ability?limit=1000 "HTTP/1.1 200 OK"
2026-02-13 12:27:03,455 - INFO - HTTP Request: GET https://pokeapi.co/api/v2/pokemon?limit=500 "HTTP/1.1 200 OK"
2026-02-13 12:27:04,572 - INFO - HTTP Request: GET https://pokeapi.co/api/v2/type?limit=500 "HTTP/1.1 200 OK"
2026-02-13 12:27:05,204 - INFO - HTTP Request: GET https://pokeapi.co/api/v2/ability?limit=1000 "HTTP/1.1 200 OK"
2026-02-13 12:53:26,178 - INFO - HTTP Request: GET https://pokeapi.co/api/v2/pokemon?limit=500 "HTTP/1.1 200 OK"
2026-02-13 12:54:44,566 - INFO - HTTP Request: GET https://pokeapi.co/api/v2/pokemon?limit=500 "HTTP/1.1 200 OK"
2026-02-13 13:00:27,744 - INFO - HTTP Request: GET https://pokeapi.co/api/v2/pokemon?limit=500 "HTTP/1.1 200 OK"
2026-02-13 13:06:15,026 - INFO - HTTP Request: GET https://pokeapi.co/api/v2/pokemon?limit=500 "HTTP/1.1 200 OK"
2026-02-13 13:19:22,086 - INFO - HTTP Request: GET https://pokeapi.co/api/v2/pokemon?limit=500 "HTTP/1.1 200 OK"
2026-02-13 13:22:03,080 - INFO - HTTP Request: GET https://pokeapi.co/api/v2/pokemon?limit=500 "HTTP/1.1 200 OK"
2026-02-13 13:22:28,522 - INFO - HTTP Request: GET https://pokeapi.co/api/v2/pokemon?limit=500 "HTTP/1.1 200 OK"
2026-02-13 14:12:37,359 - INFO - HTTP Request: GET https://pokeapi.co/api/v2/pokemon?limit=500 "HTTP/1.1 200 OK"
2026-02-13 14:19:18,365 - INFO - HTTP Request: GET https://pokeapi.co/api/v2/pokemon?limit=500 "HTTP/1.1 200 OK"
2026-02-13 14:20:54,036 - INFO - HTTP Request: GET https://pokeapi.co/api/v2/pokemon?limit=500 "HTTP/1.1 200 OK"
2026-02-13 14:20:54,912 - INFO - HTTP Request: GET https://pokeapi.co/api/v2/type?limit=500 "HTTP/1.1 200 OK"
2026-02-13 14:20:55,602 - INFO - HTTP Request: GET https://pokeapi.co/api/v2/ability?limit=1000 "HTTP/1.1 200 OK"
2026-02-13 14:22:24,342 - INFO - HTTP Request: GET https://pokeapi.co/api/v2/pokemon?limit=500 "HTTP/1.1 200 OK"
2026-02-13 14:22:25,000 - INFO - HTTP Request: GET https://pokeapi.co/api/v2/type?limit=500 "HTTP/1.1 200 OK"
2026-02-13 14:22:25,651 - INFO - HTTP Request: GET https://pokeapi.co/api/v2/ability?limit=1000 "HTTP/1.1 200 OK"
2026-02-13 14:24:45,219 - INFO - HTTP Request: GET https://pokeapi.co/api/v2/pokemon?limit=500 "HTTP/1.1 200 OK"
2026-02-13 14:24:45,870 - INFO - HTTP Request: GET https://pokeapi.co/api/v2/type?limit=500 "HTTP/1.1 200 OK"
2026-02-13 14:24:46,533 - INFO - HTTP Request: GET https://pokeapi.co/api/v2/ability?limit=1000 "HTTP/1.1 200 OK"
